<?xml version="1.0" encoding="UTF-8"?>
<!-- Generated by org.testng.reporters.JUnitReportReporter -->
<testsuite hostname="LAPTOP-CJ1P4A3I" failures="0" tests="1" name="TestScripts.SnapChat" time="41.236" errors="0" timestamp="2022-02-15T00:31:40 IST" skipped="0">
  <testcase classname="TestScripts.SnapChat" name="demo" time="41.236"/>
  <system-out/>
</testsuite> <!-- TestScripts.SnapChat -->
