<?xml version="1.0" encoding="UTF-8"?>
<!-- Generated by org.testng.reporters.JUnitReportReporter -->
<testsuite hostname="LAPTOP-CJ1P4A3I" failures="0" tests="1" name="TestScripts.Snaps" time="32.810" errors="0" timestamp="2022-02-15T00:29:29 IST" skipped="0">
  <testcase classname="TestScripts.Snaps" name="demo" time="32.810"/>
  <system-out/>
</testsuite> <!-- TestScripts.Snaps -->
