<?xml version="1.0" encoding="UTF-8"?>
<!-- Generated by org.testng.reporters.JUnitReportReporter -->
<testsuite hostname="LAPTOP-CJ1P4A3I" failures="0" tests="1" name="TestScripts.SnapChatSpotlight" time="29.377" errors="0" timestamp="2022-02-14T08:12:26 IST" skipped="0">
  <testcase classname="TestScripts.SnapChatSpotlight" name="demo" time="29.377"/>
  <system-out/>
</testsuite> <!-- TestScripts.SnapChatSpotlight -->
