<?xml version="1.0" encoding="UTF-8"?>
<!-- Generated by org.testng.reporters.JUnitReportReporter -->
<testsuite hostname="LAPTOP-CJ1P4A3I" failures="0" tests="1" name="TestScripts.Message" time="46.014" errors="0" timestamp="2022-02-14T18:01:45 IST" skipped="0">
  <testcase classname="TestScripts.Message" name="demo" time="46.014"/>
  <system-out/>
</testsuite> <!-- TestScripts.Message -->
