<?xml version="1.0" encoding="UTF-8"?>
<!-- Generated by org.testng.reporters.JUnitReportReporter -->
<testsuite hostname="LAPTOP-CJ1P4A3I" failures="0" tests="1" name="TestScripts.SnapChatStories" time="50.298" errors="0" timestamp="2022-02-11T16:31:38 IST" skipped="0">
  <testcase classname="TestScripts.SnapChatStories" name="demo" time="50.298"/>
  <system-out/>
</testsuite> <!-- TestScripts.SnapChatStories -->
